# JRE version: Java(TM) SE Runtime Environment (17.0.7+8) (build 17.0.7+8-LTS-224)
# Java VM: Java HotSpot(TM) 64-Bit Server VM (17.0.7+8-LTS-224, mixed mode, emulated-client, sharing, tiered, compressed oops, compressed class ptrs, g1 gc, bsd-aarch64)
GC Precious Log:
 CPUs: 8 total, 8 available
 Memory: 8192M
 Large Page Support: Disabled
 NUMA Support: Disabled
 Compressed Oops: Enabled (Zero based)
 Heap Region Size: 1M
 Heap Min Capacity: 8M
 Heap Initial Capacity: 128M
 Heap Max Capacity: 2G
 Pre-touch: Disabled
 Parallel Workers: 8
 Concurrent Workers: 2
 Concurrent Refinement Workers: 8
 Periodic GC: Disabled
Heap:
 garbage-first heap   total 250880K, used 147544K [0x0000000780000000, 0x0000000800000000)
  region size 1024K, 5 young (5120K), 4 survivors (4096K)
 Metaspace       used 70676K, committed 71296K, reserved 1114112K
  class space    used 9916K, committed 10176K, reserved 1048576K
GC Heap History (20 events):
Event: 1.438 GC heap before
{Heap before GC invocations=7 (full 0):
 garbage-first heap   total 116736K, used 40848K [0x0000000780000000, 0x0000000800000000)
  region size 1024K, 25 young (25600K), 2 survivors (2048K)
 Metaspace       used 35481K, committed 35968K, reserved 1081344K
  class space    used 5122K, committed 5376K, reserved 1048576K
}
Event: 1.440 GC heap after
{Heap after GC invocations=8 (full 0):
 garbage-first heap   total 116736K, used 19264K [0x0000000780000000, 0x0000000800000000)
  region size 1024K, 3 young (3072K), 3 survivors (3072K)
 Metaspace       used 35481K, committed 35968K, reserved 1081344K
  class space    used 5122K, committed 5376K, reserved 1048576K
}
Event: 1.906 GC heap before
{Heap before GC invocations=9 (full 0):
 garbage-first heap   total 75776K, used 60224K [0x0000000780000000, 0x0000000800000000)
  region size 1024K, 44 young (45056K), 3 survivors (3072K)
 Metaspace       used 50562K, committed 51072K, reserved 1097728K
  class space    used 7129K, committed 7360K, reserved 1048576K
}
Event: 1.909 GC heap after
{Heap after GC invocations=10 (full 0):
 garbage-first heap   total 75776K, used 22478K [0x0000000780000000, 0x0000000800000000)
  region size 1024K, 6 young (6144K), 6 survivors (6144K)
 Metaspace       used 50562K, committed 51072K, reserved 1097728K
  class space    used 7129K, committed 7360K, reserved 1048576K
}
Event: 1.917 GC heap before
{Heap before GC invocations=10 (full 0):
 garbage-first heap   total 75776K, used 23502K [0x0000000780000000, 0x0000000800000000)
  region size 1024K, 7 young (7168K), 6 survivors (6144K)
 Metaspace       used 50827K, committed 51392K, reserved 1097728K
  class space    used 7173K, committed 7424K, reserved 1048576K
}
Event: 1.922 GC heap after
{Heap after GC invocations=11 (full 0):
 garbage-first heap   total 75776K, used 23067K [0x0000000780000000, 0x0000000800000000)
  region size 1024K, 1 young (1024K), 1 survivors (1024K)
 Metaspace       used 50827K, committed 51392K, reserved 1097728K
  class space    used 7173K, committed 7424K, reserved 1048576K
}
Event: 2.362 GC heap before
{Heap before GC invocations=11 (full 0):
 garbage-first heap   total 75776K, used 56859K [0x0000000780000000, 0x0000000800000000)
  region size 1024K, 34 young (34816K), 1 survivors (1024K)
 Metaspace       used 57658K, committed 58240K, reserved 1105920K
  class space    used 8224K, committed 8512K, reserved 1048576K
}
Event: 2.364 GC heap after
{Heap after GC invocations=12 (full 0):
 garbage-first heap   total 75776K, used 24962K [0x0000000780000000, 0x0000000800000000)
  region size 1024K, 3 young (3072K), 3 survivors (3072K)
 Metaspace       used 57658K, committed 58240K, reserved 1105920K
  class space    used 8224K, committed 8512K, reserved 1048576K
}
Event: 3.590 GC heap before
{Heap before GC invocations=12 (full 0):
 garbage-first heap   total 75776K, used 45442K [0x0000000780000000, 0x0000000800000000)
  region size 1024K, 24 young (24576K), 3 survivors (3072K)
 Metaspace       used 59953K, committed 60416K, reserved 1105920K
  class space    used 8547K, committed 8768K, reserved 1048576K
}
Event: 3.593 GC heap after
{Heap after GC invocations=13 (full 0):
 garbage-first heap   total 75776K, used 27037K [0x0000000780000000, 0x0000000800000000)
  region size 1024K, 3 young (3072K), 3 survivors (3072K)
 Metaspace       used 59953K, committed 60416K, reserved 1105920K
  class space    used 8547K, committed 8768K, reserved 1048576K
}
Event: 36.168 GC heap before
{Heap before GC invocations=14 (full 0):
 garbage-first heap   total 75776K, used 56733K [0x0000000780000000, 0x0000000800000000)
  region size 1024K, 32 young (32768K), 3 survivors (3072K)
 Metaspace       used 64376K, committed 64960K, reserved 1105920K
  class space    used 9196K, committed 9472K, reserved 1048576K
}
Event: 36.186 GC heap after
{Heap after GC invocations=15 (full 0):
 garbage-first heap   total 75776K, used 29539K [0x0000000780000000, 0x0000000800000000)
  region size 1024K, 3 young (3072K), 3 survivors (3072K)
 Metaspace       used 64376K, committed 64960K, reserved 1105920K
  class space    used 9196K, committed 9472K, reserved 1048576K
}
Event: 36.371 GC heap before
{Heap before GC invocations=15 (full 0):
 garbage-first heap   total 75776K, used 37731K [0x0000000780000000, 0x0000000800000000)
  region size 1024K, 13 young (13312K), 3 survivors (3072K)
 Metaspace       used 67485K, committed 68096K, reserved 1114112K
  class space    used 9586K, committed 9856K, reserved 1048576K
}
Event: 36.374 GC heap after
{Heap after GC invocations=16 (full 0):
 garbage-first heap   total 75776K, used 31226K [0x0000000780000000, 0x0000000800000000)
  region size 1024K, 2 young (2048K), 2 survivors (2048K)
 Metaspace       used 67485K, committed 68096K, reserved 1114112K
  class space    used 9586K, committed 9856K, reserved 1048576K
}
Event: 36.468 GC heap before
{Heap before GC invocations=16 (full 0):
 garbage-first heap   total 100352K, used 71162K [0x0000000780000000, 0x0000000800000000)
  region size 1024K, 10 young (10240K), 2 survivors (2048K)
 Metaspace       used 70049K, committed 70592K, reserved 1114112K
  class space    used 9850K, committed 10112K, reserved 1048576K
}
Event: 36.469 GC heap after
{Heap after GC invocations=17 (full 0):
 garbage-first heap   total 200704K, used 66357K [0x0000000780000000, 0x0000000800000000)
  region size 1024K, 3 young (3072K), 3 survivors (3072K)
 Metaspace       used 70049K, committed 70592K, reserved 1114112K
  class space    used 9850K, committed 10112K, reserved 1048576K
}
Event: 37.094 GC heap before
{Heap before GC invocations=17 (full 0):
 garbage-first heap   total 200704K, used 74549K [0x0000000780000000, 0x0000000800000000)
  region size 1024K, 7 young (7168K), 3 survivors (3072K)
 Metaspace       used 70656K, committed 71168K, reserved 1114112K
  class space    used 9914K, committed 10176K, reserved 1048576K
}
Event: 37.095 GC heap after
{Heap after GC invocations=18 (full 0):
 garbage-first heap   total 200704K, used 70605K [0x0000000780000000, 0x0000000800000000)
  region size 1024K, 4 young (4096K), 4 survivors (4096K)
 Metaspace       used 70656K, committed 71168K, reserved 1114112K
  class space    used 9914K, committed 10176K, reserved 1048576K
}
Event: 37.106 GC heap before
{Heap before GC invocations=18 (full 0):
 garbage-first heap   total 200704K, used 104397K [0x0000000780000000, 0x0000000800000000)
  region size 1024K, 5 young (5120K), 4 survivors (4096K)
 Metaspace       used 70657K, committed 71168K, reserved 1114112K
  class space    used 9914K, committed 10176K, reserved 1048576K
}
Event: 37.107 GC heap after
{Heap after GC invocations=19 (full 0):
 garbage-first heap   total 200704K, used 104536K [0x0000000780000000, 0x0000000800000000)
  region size 1024K, 4 young (4096K), 4 survivors (4096K)
 Metaspace       used 70657K, committed 71168K, reserved 1114112K
  class space    used 9914K, committed 10176K, reserved 1048576K
}

