# JRE version: Java(TM) SE Runtime Environment (17.0.7+8) (build 17.0.7+8-LTS-224)
# Java VM: Java HotSpot(TM) 64-Bit Server VM (17.0.7+8-LTS-224, mixed mode, emulated-client, sharing, tiered, compressed oops, compressed class ptrs, g1 gc, bsd-aarch64)
GC Precious Log:
 CPUs: 8 total, 8 available
 Memory: 8192M
 Large Page Support: Disabled
 NUMA Support: Disabled
 Compressed Oops: Enabled (Zero based)
 Heap Region Size: 1M
 Heap Min Capacity: 8M
 Heap Initial Capacity: 128M
 Heap Max Capacity: 2G
 Pre-touch: Disabled
 Parallel Workers: 8
 Concurrent Workers: 2
 Concurrent Refinement Workers: 8
 Periodic GC: Disabled
Heap:
 garbage-first heap   total 239616K, used 148299K [0x0000000780000000, 0x0000000800000000)
  region size 1024K, 2 young (2048K), 1 survivors (1024K)
 Metaspace       used 70574K, committed 71168K, reserved 1114112K
  class space    used 9924K, committed 10240K, reserved 1048576K
GC Heap History (20 events):
Event: 1.119 GC heap before
{Heap before GC invocations=5 (full 0):
 garbage-first heap   total 58368K, used 37438K [0x0000000780000000, 0x0000000800000000)
  region size 1024K, 27 young (27648K), 6 survivors (6144K)
 Metaspace       used 29935K, committed 30400K, reserved 1081344K
  class space    used 4188K, committed 4416K, reserved 1048576K
}
Event: 1.121 GC heap after
{Heap after GC invocations=6 (full 0):
 garbage-first heap   total 70656K, used 18732K [0x0000000780000000, 0x0000000800000000)
  region size 1024K, 2 young (2048K), 2 survivors (2048K)
 Metaspace       used 29935K, committed 30400K, reserved 1081344K
  class space    used 4188K, committed 4416K, reserved 1048576K
}
Event: 1.380 GC heap before
{Heap before GC invocations=6 (full 0):
 garbage-first heap   total 70656K, used 42284K [0x0000000780000000, 0x0000000800000000)
  region size 1024K, 26 young (26624K), 2 survivors (2048K)
 Metaspace       used 35484K, committed 35968K, reserved 1081344K
  class space    used 5124K, committed 5376K, reserved 1048576K
}
Event: 1.381 GC heap after
{Heap after GC invocations=7 (full 0):
 garbage-first heap   total 70656K, used 19460K [0x0000000780000000, 0x0000000800000000)
  region size 1024K, 3 young (3072K), 3 survivors (3072K)
 Metaspace       used 35484K, committed 35968K, reserved 1081344K
  class space    used 5124K, committed 5376K, reserved 1048576K
}
Event: 1.691 GC heap before
{Heap before GC invocations=8 (full 0):
 garbage-first heap   total 70656K, used 51204K [0x0000000780000000, 0x0000000800000000)
  region size 1024K, 34 young (34816K), 3 survivors (3072K)
 Metaspace       used 47015K, committed 47488K, reserved 1097728K
  class space    used 6584K, committed 6848K, reserved 1048576K
}
Event: 1.694 GC heap after
{Heap after GC invocations=9 (full 0):
 garbage-first heap   total 70656K, used 21960K [0x0000000780000000, 0x0000000800000000)
  region size 1024K, 5 young (5120K), 5 survivors (5120K)
 Metaspace       used 47015K, committed 47488K, reserved 1097728K
  class space    used 6584K, committed 6848K, reserved 1048576K
}
Event: 1.900 GC heap before
{Heap before GC invocations=9 (full 0):
 garbage-first heap   total 70656K, used 50632K [0x0000000780000000, 0x0000000800000000)
  region size 1024K, 34 young (34816K), 5 survivors (5120K)
 Metaspace       used 55266K, committed 55808K, reserved 1097728K
  class space    used 7949K, committed 8192K, reserved 1048576K
}
Event: 1.902 GC heap after
{Heap after GC invocations=10 (full 0):
 garbage-first heap   total 70656K, used 23606K [0x0000000780000000, 0x0000000800000000)
  region size 1024K, 2 young (2048K), 2 survivors (2048K)
 Metaspace       used 55266K, committed 55808K, reserved 1097728K
  class space    used 7949K, committed 8192K, reserved 1048576K
}
Event: 3.275 GC heap before
{Heap before GC invocations=10 (full 0):
 garbage-first heap   total 70656K, used 53302K [0x0000000780000000, 0x0000000800000000)
  region size 1024K, 31 young (31744K), 2 survivors (2048K)
 Metaspace       used 59171K, committed 59712K, reserved 1105920K
  class space    used 8440K, committed 8704K, reserved 1048576K
}
Event: 3.277 GC heap after
{Heap after GC invocations=11 (full 0):
 garbage-first heap   total 70656K, used 26768K [0x0000000780000000, 0x0000000800000000)
  region size 1024K, 4 young (4096K), 4 survivors (4096K)
 Metaspace       used 59171K, committed 59712K, reserved 1105920K
  class space    used 8440K, committed 8704K, reserved 1048576K
}
Event: 3.308 GC heap before
{Heap before GC invocations=11 (full 0):
 garbage-first heap   total 70656K, used 31888K [0x0000000780000000, 0x0000000800000000)
  region size 1024K, 10 young (10240K), 4 survivors (4096K)
 Metaspace       used 59958K, committed 60416K, reserved 1105920K
  class space    used 8552K, committed 8768K, reserved 1048576K
}
Event: 3.310 GC heap after
{Heap after GC invocations=12 (full 0):
 garbage-first heap   total 70656K, used 27759K [0x0000000780000000, 0x0000000800000000)
  region size 1024K, 1 young (1024K), 1 survivors (1024K)
 Metaspace       used 59958K, committed 60416K, reserved 1105920K
  class space    used 8552K, committed 8768K, reserved 1048576K
}
Event: 3.456 GC heap before
{Heap before GC invocations=13 (full 0):
 garbage-first heap   total 70656K, used 53359K [0x0000000780000000, 0x0000000800000000)
  region size 1024K, 27 young (27648K), 1 survivors (1024K)
 Metaspace       used 63863K, committed 64448K, reserved 1105920K
  class space    used 9143K, committed 9408K, reserved 1048576K
}
Event: 3.458 GC heap after
{Heap after GC invocations=14 (full 0):
 garbage-first heap   total 70656K, used 29757K [0x0000000780000000, 0x0000000800000000)
  region size 1024K, 3 young (3072K), 3 survivors (3072K)
 Metaspace       used 63863K, committed 64448K, reserved 1105920K
  class space    used 9143K, committed 9408K, reserved 1048576K
}
Event: 13.413 GC heap before
{Heap before GC invocations=14 (full 0):
 garbage-first heap   total 70656K, used 41021K [0x0000000780000000, 0x0000000800000000)
  region size 1024K, 16 young (16384K), 3 survivors (3072K)
 Metaspace       used 67488K, committed 68096K, reserved 1114112K
  class space    used 9592K, committed 9856K, reserved 1048576K
}
Event: 13.417 GC heap after
{Heap after GC invocations=15 (full 0):
 garbage-first heap   total 84992K, used 31363K [0x0000000780000000, 0x0000000800000000)
  region size 1024K, 2 young (2048K), 2 survivors (2048K)
 Metaspace       used 67488K, committed 68096K, reserved 1114112K
  class space    used 9592K, committed 9856K, reserved 1048576K
}
Event: 13.501 GC heap before
{Heap before GC invocations=15 (full 0):
 garbage-first heap   total 92160K, used 72323K [0x0000000780000000, 0x0000000800000000)
  region size 1024K, 10 young (10240K), 2 survivors (2048K)
 Metaspace       used 70052K, committed 70592K, reserved 1114112K
  class space    used 9857K, committed 10112K, reserved 1048576K
}
Event: 13.503 GC heap after
{Heap after GC invocations=16 (full 0):
 garbage-first heap   total 92160K, used 66773K [0x0000000780000000, 0x0000000800000000)
  region size 1024K, 4 young (4096K), 4 survivors (4096K)
 Metaspace       used 70052K, committed 70592K, reserved 1114112K
  class space    used 9857K, committed 10112K, reserved 1048576K
}
Event: 14.358 GC heap before
{Heap before GC invocations=17 (full 0):
 garbage-first heap   total 126976K, used 73941K [0x0000000780000000, 0x0000000800000000)
  region size 1024K, 8 young (8192K), 4 survivors (4096K)
 Metaspace       used 70553K, committed 71168K, reserved 1114112K
  class space    used 9922K, committed 10240K, reserved 1048576K
}
Event: 14.360 GC heap after
{Heap after GC invocations=18 (full 0):
 garbage-first heap   total 126976K, used 71499K [0x0000000780000000, 0x0000000800000000)
  region size 1024K, 1 young (1024K), 1 survivors (1024K)
 Metaspace       used 70553K, committed 71168K, reserved 1114112K
  class space    used 9922K, committed 10240K, reserved 1048576K
}

